<?xml version="1.0" encoding="UTF-8"?>
<!-- Generated by org.testng.reporters.JUnitReportReporter -->
<testsuite skipped="0" hostname="DESKTOP-VPL3NGN" name="Woot_Tests.LandingPageTest" tests="1" failures="0" timestamp="04 Feb 2018 07:26:39 GMT" time="12.268" errors="0">
  <testcase name="LandingPageTest001" time="12.268" classname="Woot_Tests.LandingPageTest"/>
</testsuite> <!-- Woot_Tests.LandingPageTest -->
