<?xml version="1.0" encoding="UTF-8"?>
<!-- Generated by org.testng.reporters.JUnitReportReporter -->
<testsuite skipped="0" hostname="DESKTOP-VPL3NGN" name="Woot_Tests.SignIn" tests="1" failures="0" timestamp="29 Jan 2018 03:23:02 GMT" time="0.890" errors="0">
  <testcase name="SigninScenario" time="0.890" classname="Woot_Tests.SignIn"/>
</testsuite> <!-- Woot_Tests.SignIn -->
