<?xml version="1.0" encoding="UTF-8"?>
<!-- Generated by org.testng.reporters.JUnitReportReporter -->
<testsuite skipped="0" hostname="DESKTOP-VPL3NGN" name="Woot_Tests.AllDealPageTest" tests="6" failures="0" timestamp="04 Feb 2018 07:16:45 GMT" time="12.342" errors="0">
  <testcase name="selectByCategoryComputer_Test02" time="4.797" classname="Woot_Tests.AllDealPageTest"/>
  <testcase name="selectByCategoryTools_Test04" time="1.474" classname="Woot_Tests.AllDealPageTest"/>
  <testcase name="selectByCategorySports_Test05" time="1.517" classname="Woot_Tests.AllDealPageTest"/>
  <testcase name="selectByCategoryHome_Test01" time="1.633" classname="Woot_Tests.AllDealPageTest"/>
  <testcase name="selectByCategoryElectronics_Test03" time="1.578" classname="Woot_Tests.AllDealPageTest"/>
  <testcase name="selectByCategoryGourmet_Test06" time="1.343" classname="Woot_Tests.AllDealPageTest"/>
</testsuite> <!-- Woot_Tests.AllDealPageTest -->
